<?xml version="1.0" encoding="UTF-8"?>
<!-- Generated by org.testng.reporters.JUnitReportReporter -->
<testsuite skipped="0" hostname="DESKTOP-Q4R4JJE" name="test.ProbaTest" tests="1" failures="0" timestamp="2020-04-02T17:03:47 CEST" time="0.006" errors="0">
  <testcase name="f" time="0.006" classname="test.ProbaTest"/>
  <system-out/>
</testsuite> <!-- test.ProbaTest -->
