<?xml version="1.0" encoding="UTF-8"?>
<!-- Generated by org.testng.reporters.JUnitReportReporter -->
<testsuite skipped="0" hostname="DESKTOP-Q4R4JJE" name="test.NewTest" tests="1" failures="0" timestamp="2020-04-02T20:36:01 CEST" time="14.813" errors="0">
  <testcase name="summerDressTest" time="14.813" classname="test.NewTest"/>
  <system-out/>
</testsuite> <!-- test.NewTest -->
